'mid 1
'twould 1
A 6
Abora. 1
Abyssinian 1
Alph, 1
Amid 1
Ancestral 1
And 11
As 2
Beware! 2
But 1
By 2
Coleridge 1
Could 1
Down 2
Enfolding 1
Five 1
Floated 1
For 1
Fragment. 1
From 1
Her 1
His 1
Huge 1
I 3
In 2
It 3
Khan 2
Kubla 3
Mount 1
Or 1
Or, 1
Paradise. 1
Samuel 1
Singing 1
So 1
Taylor 1
That 2
The 1
Then 1
Through 2
To 1
Weave 1
Where 3
With 1
Xanadu 1
a 12
air, 1
all 2
an 2
ancient 1
and 7
as 2
at 1
athwart 1
beneath 2
blossomed 1
breathing, 1
bright 1
build 1
burst 1
caverns 2
caves 2
caves. 1
ceaseless 1
cedarn 1
chaffy 1
chasm 1
chasm, 1
circle 1
close 1
cover! 1
cry, 1
dale 1
damsel 1
dancing 1
decree: 1
deep 2
delight 1
demon-lover! 1
device, 1
did 1
dome 2
dome! 1
dread 1
dream. 1
drunk 1
dulcimer 2
e'er 1
earth 1
enchanted 1
ever 1
eyes 1
eyes, 1
far 1
fast 1
fed, 1
fertile 1
five 1
flail: 1
flashing 1
floating 1
flung 1
for 1
forced: 1
forests 1
fountain 2
fragments 1
from 2
gardens 1
girdled 1
grain 1
green 1
greenery. 1
ground 1
hail, 1
hair! 1
half-intermitted 1
hath 1
haunted 1
he 1
heard 3
her 2
here 1
hill 1
hills, 1
him 1
his 1
holy 2
honey-dew 1
ice! 2
if 1
in 4
incense-bearing 1
lifeless 1
like 1
long, 1
loud 1
maid 1
man 1
man, 1
many 1
mazy 1
me 1
me, 1
meandering 1
measure 1
measureless 2
mid 1
midway 1
mighty 1
miles 2
milk 1
mingled 1
miracle 1
momently 2
moon 1
motion 1
music 1
ocean; 1
of 9
oh! 1
on 3
once 2
pants 1
place! 1
played, 1
pleasure 1
pleasure-dome 2
prophesying 1
ran 1
ran, 1
rare 1
reached 1
rebounding 1
revive 1
rills, 1
river 1
river, 1
river. 1
rocks 1
romantic 1
round 1
round; 1
sacred 3
sank 1
savage 1
saw: 1
sea. 1
see 1
seething, 1
shadow 1
she 1
should 2
sinuous 1
slanted 1
song, 1
spots 1
stately 1
such 1
sunless 1
sunny 3
swift 1
symphony 1
that 2
the 13
them 1
there 1
there, 1
these 1
thick 1
this 3
those 1
thresher's 1
thrice, 1
to 4
towers 1
tree; 1
tumult 2
turmoil 1
twice 1
up 1
vaulted 1
vision 2
voices 1
wailing 1
walls 1
waning 1
war! 1
was 5
waves; 1
were 4
which 1
who 1
whose 1
win 1
with 7
within 1
woman 1
wood 1
would 1
your 1

the 13
a 12
And 11
of 9
and 7
with 7
A 6
was 5
in 4
to 4
were 4
I 3
It 3
Kubla 3
Where 3
heard 3
on 3
sacred 3
sunny 3
this 3
As 2
Beware! 2
By 2
Down 2
In 2
Khan 2
That 2
Through 2
all 2
an 2
as 2
beneath 2
caverns 2
caves 2
deep 2
dome 2
dulcimer 2
fountain 2
from 2
her 2
holy 2
ice! 2
measureless 2
miles 2
momently 2
once 2
pleasure-dome 2
should 2
that 2
tumult 2
vision 2
'mid 1
'twould 1
Abora. 1
Abyssinian 1
Alph, 1
Amid 1
Ancestral 1
But 1
Coleridge 1
Could 1
Enfolding 1
Five 1
Floated 1
For 1
Fragment. 1
From 1
Her 1
His 1
Huge 1
Mount 1
Or 1
Or, 1
Paradise. 1
Samuel 1
Singing 1
So 1
Taylor 1
The 1
Then 1
To 1
Weave 1
With 1
Xanadu 1
air, 1
ancient 1
at 1
athwart 1
blossomed 1
breathing, 1
bright 1
build 1
burst 1
caves. 1
ceaseless 1
cedarn 1
chaffy 1
chasm 1
chasm, 1
circle 1
close 1
cover! 1
cry, 1
dale 1
damsel 1
dancing 1
decree: 1
delight 1
demon-lover! 1
device, 1
did 1
dome! 1
dread 1
dream. 1
drunk 1
e'er 1
earth 1
enchanted 1
ever 1
eyes 1
eyes, 1
far 1
fast 1
fed, 1
fertile 1
five 1
flail: 1
flashing 1
floating 1
flung 1
for 1
forced: 1
forests 1
fragments 1
gardens 1
girdled 1
grain 1
green 1
greenery. 1
ground 1
hail, 1
hair! 1
half-intermitted 1
hath 1
haunted 1
he 1
here 1
hill 1
hills, 1
him 1
his 1
honey-dew 1
if 1
incense-bearing 1
lifeless 1
like 1
long, 1
loud 1
maid 1
man 1
man, 1
many 1
mazy 1
me 1
me, 1
meandering 1
measure 1
mid 1
midway 1
mighty 1
milk 1
mingled 1
miracle 1
moon 1
motion 1
music 1
ocean; 1
oh! 1
pants 1
place! 1
played, 1
pleasure 1
prophesying 1
ran 1
ran, 1
rare 1
reached 1
rebounding 1
revive 1
rills, 1
river 1
river, 1
river. 1
rocks 1
romantic 1
round 1
round; 1
sank 1
savage 1
saw: 1
sea. 1
see 1
seething, 1
shadow 1
she 1
sinuous 1
slanted 1
song, 1
spots 1
stately 1
such 1
sunless 1
swift 1
symphony 1
them 1
there 1
there, 1
these 1
thick 1
those 1
thresher's 1
thrice, 1
towers 1
tree; 1
turmoil 1
twice 1
up 1
vaulted 1
voices 1
wailing 1
walls 1
waning 1
war! 1
waves; 1
which 1
who 1
whose 1
win 1
within 1
woman 1
wood 1
would 1
your 1
