
CS315 Assignment 3: kd
By: Andrew Cassidy

numPoints: 50
numProbes: 10

Building K-D tree...

probe 161 726 921 525 reaches bucket:
69 504 812 943
81 856 498 478
231 839 345 617
410 597 12 691
498 983 562 499
690 834 462 577
probe 170 840 903 680 reaches bucket:
69 504 812 943
81 856 498 478
231 839 345 617
410 597 12 691
498 983 562 499
690 834 462 577
probe 720 449 595 489 reaches bucket:
908 489 535 496
740 551 905 966
864 933 138 544
738 595 282 832
950 601 504 741
992 824 823 458
probe 159 410 380 504 reaches bucket:
69 504 812 943
81 856 498 478
231 839 345 617
410 597 12 691
498 983 562 499
690 834 462 577
probe 645 78 932 5 reaches bucket:
810 84 251 300
615 102 941 126
904 46 725 170
614 247 37 26
687 284 260 10
744 342 111 422
probe 649 665 759 667 reaches bucket:
69 504 812 943
81 856 498 478
231 839 345 617
410 597 12 691
498 983 562 499
690 834 462 577
probe 471 146 780 894 reaches bucket:
213 88 557 524
191 135 250 538
205 96 301 728
55 273 289 565
519 293 311 460
533 25 769 601
612 90 266 585
probe 681 383 478 744 reaches bucket:
619 406 488 539
629 218 844 953
812 154 592 702
823 196 810 995
855 216 801 816
928 214 819 773
probe 334 34 176 721 reaches bucket:
213 88 557 524
191 135 250 538
205 96 301 728
55 273 289 565
519 293 311 460
533 25 769 601
612 90 266 585
probe 693 496 877 675 reaches bucket:
908 489 535 496
740 551 905 966
864 933 138 544
738 595 282 832
950 601 504 741
992 824 823 458
